<?xml version="1.0" encoding="UTF-8"?>
<!-- Generated by org.testng.reporters.JUnitReportReporter -->
<testsuite skipped="0" hostname="Dell" name="homw.Home" tests="1" failures="0" timestamp="16 Jul 2019 20:51:08 GMT" time="41.263" errors="0">
  <testcase name="getdata" time="41.263" classname="homw.Home"/>
</testsuite> <!-- homw.Home -->
